TN:
SF:/Users/jamesbradley/dev/rujira/ruji/contracts/rujira-bow/src/config.rs
FN:14,<impl From for Config>::from
FN:22,Config::load
FN:26,Config::validate
FN:30,Config::save
FNF:4
FNDA:3,<impl From for Config>::from
FNDA:308,Config::load
FNDA:3,Config::validate
FNDA:3,Config::save
DA:14,3
DA:16,3
DA:22,308
DA:23,308
DA:26,3
DA:27,3
DA:30,3
DA:31,3
LF:8
LH:8
end_of_record
TN:
SF:/Users/jamesbradley/dev/rujira/ruji/contracts/rujira-bow/src/contract.rs
FN:20,instantiate
FN:36,execute
FN:106,sudo
FN:120,query
FNF:4
FNDA:3,instantiate
FNDA:7,execute
FNDA:0,sudo
FNDA:301,query
DA:20,3
DA:26,3
DA:27,3
DA:28,3
DA:29,3
DA:30,3
DA:31,3
DA:36,7
DA:42,14
DA:44,4
DA:45,4
DA:53,8
DA:54,4
DA:56,4
DA:58,4
DA:59,4
DA:60,4
DA:65,3
DA:66,6
DA:67,3
DA:70,0
DA:71,3
DA:72,3
DA:73,3
DA:74,3
DA:75,3
DA:76,3
DA:80,0
DA:81,0
DA:82,0
DA:83,0
DA:99,0
DA:106,0
DA:107,0
DA:112,0
DA:113,0
DA:114,0
DA:120,301
DA:121,602
DA:124,301
DA:125,0
LF:41
LH:29
end_of_record
TN:
SF:/Users/jamesbradley/dev/rujira/ruji/contracts/rujira-bow/src/events.rs
FN:3,event_deposit
FN:10,event_withdraw
FNF:2
FNDA:3,event_deposit
FNDA:0,event_withdraw
DA:3,3
DA:4,3
DA:5,3
DA:6,3
DA:7,3
DA:10,0
DA:11,0
DA:12,0
DA:13,0
DA:14,0
LF:10
LH:5
end_of_record
TN:
SF:/Users/jamesbradley/dev/rujira/ruji/contracts/rujira-fin/src/arb.rs
FN:18,Arber<T>::new
FN:24,Arber<T>::run
FN:56,Arber<T>::commit
FN:75,<impl Arbitrage for T>::arbitrage
FNF:4
FNDA:12,Arber<T>::new
FNDA:16,Arber<T>::run
FNDA:16,Arber<T>::commit
FNDA:18,<impl Arbitrage for T>::arbitrage
DA:18,12
DA:20,12
DA:21,12
DA:24,16
DA:29,16
DA:30,16
DA:31,16
DA:32,35
DA:33,16
DA:34,3
DA:35,3
DA:36,3
DA:38,3
DA:39,3
DA:40,3
DA:41,2
DA:44,0
DA:45,2
DA:48,13
DA:49,0
DA:52,16
DA:53,16
DA:56,16
DA:57,16
DA:58,22
DA:59,6
DA:62,16
DA:75,18
DA:76,18
DA:77,36
DA:78,18
DA:79,18
LF:32
LH:30
end_of_record
TN:
SF:/Users/jamesbradley/dev/rujira/ruji/contracts/rujira-fin/src/bin/schema.rs
FN:5,main
FNF:1
FNDA:0,main
DA:5,0
DA:6,0
DA:7,0
DA:8,0
DA:9,0
DA:10,0
LF:6
LH:0
end_of_record
TN:
SF:/Users/jamesbradley/dev/rujira/ruji/contracts/rujira-fin/src/config.rs
FN:23,Config::new
FN:38,Config::validate
FN:42,Config::save
FN:46,Config::update
FN:77,<impl From for ConfigResponse>::from
FNF:5
FNDA:7,Config::new
FNDA:7,Config::validate
FNDA:8,Config::save
FNDA:1,Config::update
FNDA:1,<impl From for ConfigResponse>::from
DA:23,7
DA:24,7
DA:25,7
DA:26,7
DA:27,7
DA:28,7
DA:29,17
DA:30,7
DA:31,7
DA:32,7
DA:33,7
DA:34,7
DA:38,7
DA:39,7
DA:42,8
DA:43,8
DA:46,1
DA:55,2
DA:58,2
DA:61,2
DA:64,2
DA:67,2
DA:70,2
DA:77,1
DA:79,1
DA:80,1
DA:81,3
DA:82,1
DA:83,1
DA:84,1
DA:85,1
LF:31
LH:31
end_of_record
TN:
SF:/Users/jamesbradley/dev/rujira/ruji/contracts/rujira-fin/src/contract.rs
FN:30,instantiate
FN:44,execute
FN:164,sudo
FN:198,query
FN:269,swap_iter
FN:289,order_response
FNF:6
FNDA:7,instantiate
FNDA:11,execute
FNDA:1,sudo
FNDA:11,query
FNDA:52,swap_iter
FNDA:4,order_response
DA:30,7
DA:36,7
DA:37,14
DA:38,0
DA:39,7
DA:40,7
DA:44,11
DA:50,22
DA:51,11
DA:54,11
DA:60,11
DA:61,11
DA:64,7
DA:65,7
DA:66,7
DA:67,7
DA:69,7
DA:71,0
DA:73,7
DA:75,4
DA:77,4
DA:79,4
DA:80,4
DA:81,4
DA:82,4
DA:83,4
DA:84,4
DA:86,4
DA:91,7
DA:92,7
DA:93,7
DA:96,7
DA:98,7
DA:99,7
DA:100,7
DA:101,7
DA:110,4
DA:111,4
DA:112,4
DA:116,7
DA:117,7
DA:118,7
DA:120,4
DA:122,4
DA:123,4
DA:124,4
DA:125,4
DA:126,4
DA:127,4
DA:130,8
DA:135,0
DA:136,8
DA:140,3
DA:141,3
DA:142,3
DA:150,2
DA:151,2
DA:152,2
DA:156,4
DA:157,4
DA:158,4
DA:164,1
DA:165,1
DA:166,1
DA:167,1
DA:168,1
DA:169,1
DA:170,1
DA:171,1
DA:172,1
DA:174,2
DA:175,3
DA:178,1
DA:179,1
DA:181,1
DA:191,0
DA:192,1
DA:198,11
DA:199,22
DA:200,11
DA:203,11
DA:206,1
DA:207,1
DA:208,2
DA:210,1
DA:211,1
DA:214,1
DA:215,1
DA:216,1
DA:217,1
DA:219,2
DA:220,1
DA:221,0
DA:223,3
DA:224,3
DA:225,3
DA:226,3
DA:230,0
DA:232,7
DA:233,7
DA:234,7
DA:236,7
DA:237,7
DA:238,7
DA:239,7
DA:240,146
DA:241,139
DA:242,139
DA:244,7
DA:245,7
DA:246,7
DA:247,7
DA:248,143
DA:249,136
DA:250,136
DA:252,7
DA:255,1
DA:256,1
DA:259,1
DA:260,1
DA:261,1
DA:262,1
DA:266,11
DA:269,52
DA:276,52
DA:277,52
DA:278,52
DA:279,52
DA:280,52
DA:283,62
DA:284,0
DA:285,10
DA:289,4
DA:296,4
DA:297,4
DA:298,4
DA:299,4
DA:300,4
DA:301,4
DA:302,4
DA:303,4
LF:141
LH:134
end_of_record
TN:
SF:/Users/jamesbradley/dev/rujira/ruji/contracts/rujira-fin/src/events.rs
FN:5,event_create_order
FN:13,event_withdraw_order
FN:21,event_increase_order
FN:29,event_retract_order
FNF:4
FNDA:34,event_create_order
FNDA:1,event_withdraw_order
FNDA:1,event_increase_order
FNDA:3,event_retract_order
DA:5,34
DA:6,34
DA:7,34
DA:8,34
DA:9,34
DA:10,34
DA:13,1
DA:14,1
DA:15,1
DA:16,1
DA:17,1
DA:18,1
DA:21,1
DA:22,1
DA:23,1
DA:24,1
DA:25,1
DA:26,1
DA:29,3
DA:30,3
DA:31,3
DA:32,3
DA:33,3
DA:34,3
LF:24
LH:24
end_of_record
TN:
SF:/Users/jamesbradley/dev/rujira/ruji/contracts/rujira-fin/src/market_maker.rs
FN:28,MarketMaker<'a>::new
FN:59,<impl Swappable for MarketMakerOffer>::rate
FN:63,<impl Swappable for MarketMakerOffer>::attributes
FN:74,<impl Swappable for MarketMakerOffer>::total
FN:78,<impl Swappable for MarketMakerOffer>::swap
FN:96,<impl Swappable for MarketMakerOffer>::commit
FN:102,<impl Swappable for MarketMakerOffer>::prefix
FN:108,MarketMaker<'a>::query_next
FN:152,<impl Iterator for MarketMaker<'_>>::next
FNF:9
FNDA:53,MarketMaker<'a>::new
FNDA:287,<impl Swappable for MarketMakerOffer>::rate
FNDA:11,<impl Swappable for MarketMakerOffer>::attributes
FNDA:277,<impl Swappable for MarketMakerOffer>::total
FNDA:29,<impl Swappable for MarketMakerOffer>::swap
FNDA:11,<impl Swappable for MarketMakerOffer>::commit
FNDA:10,<impl Swappable for MarketMakerOffer>::prefix
FNDA:306,MarketMaker<'a>::query_next
FNDA:326,<impl Iterator for MarketMaker<'_>>::next
DA:28,53
DA:41,53
DA:42,53
DA:59,287
DA:60,287
DA:63,11
DA:64,22
DA:65,5
DA:66,6
DA:68,11
DA:69,11
DA:70,11
DA:74,277
DA:75,277
DA:78,29
DA:79,29
DA:80,29
DA:82,29
DA:83,29
DA:85,58
DA:87,20
DA:89,9
DA:92,29
DA:93,29
DA:96,11
DA:97,11
DA:98,11
DA:102,10
DA:103,10
DA:108,306
DA:109,306
DA:110,306
DA:111,306
DA:112,306
DA:113,306
DA:114,306
DA:115,306
DA:119,306
DA:120,304
DA:121,304
DA:122,304
DA:123,304
DA:124,304
DA:125,304
DA:126,304
DA:127,304
DA:131,304
DA:132,150
DA:133,154
DA:136,0
DA:137,0
DA:138,0
DA:139,0
DA:140,0
DA:141,0
DA:144,2
DA:152,326
DA:153,958
LF:58
LH:52
end_of_record
TN:
SF:/Users/jamesbradley/dev/rujira/ruji/contracts/rujira-fin/src/oracle.rs
FN:15,Oracle::load
FN:21,Oracle::human_price
FN:27,Oracle::normalized_price
FN:36,<impl OraclePrice for Oracle>::adjust
FNF:4
FNDA:22,Oracle::load
FNDA:24,Oracle::human_price
FNDA:24,Oracle::normalized_price
FNDA:24,<impl OraclePrice for Oracle>::adjust
DA:15,22
DA:16,22
DA:17,44
DA:21,24
DA:22,24
DA:23,24
DA:24,24
DA:27,24
DA:28,24
DA:29,24
DA:30,24
DA:31,24
DA:36,24
DA:37,24
DA:38,24
DA:39,5
DA:40,5
DA:42,17
DA:43,2
DA:44,2
DA:45,2
LF:21
LH:21
end_of_record
TN:
SF:/Users/jamesbradley/dev/rujira/ruji/contracts/rujira-fin/src/order.rs
FN:27,Order::load
FN:44,Order::by_owner
FN:59,Order::by_owner_all
FN:86,Order::by_owner_side
FN:119,Order::amount
FN:123,Order::save
FN:136,Order::remove
FNF:7
FNDA:41,Order::load
FNDA:3,Order::by_owner
FNDA:2,Order::by_owner_all
FNDA:1,Order::by_owner_side
FNDA:38,Order::amount
FNDA:73,Order::save
FNDA:2,Order::remove
DA:27,41
DA:33,48
DA:34,41
DA:35,150
DA:44,3
DA:51,3
DA:52,3
DA:53,3
DA:54,1
DA:55,2
DA:59,2
DA:65,2
DA:66,2
DA:67,2
DA:68,2
DA:69,2
DA:70,12
DA:71,20
DA:73,10
DA:74,10
DA:75,10
DA:76,10
DA:77,10
DA:78,10
DA:86,1
DA:93,2
DA:94,0
DA:95,1
DA:98,1
DA:99,1
DA:100,1
DA:101,1
DA:102,1
DA:103,7
DA:104,12
DA:106,6
DA:107,6
DA:108,6
DA:109,6
DA:110,6
DA:111,6
DA:119,38
DA:120,38
DA:123,73
DA:124,73
DA:125,2
DA:126,2
DA:128,71
DA:129,71
DA:130,71
DA:131,71
DA:133,71
DA:136,2
DA:137,2
DA:138,2
DA:139,2
LF:56
LH:55
end_of_record
TN:
SF:/Users/jamesbradley/dev/rujira/ruji/contracts/rujira-fin/src/order_manager.rs
FN:31,OrderManager::new
FN:52,OrderManager::execute_orders
FN:81,OrderManager::execute_existing_order
FN:112,OrderManager::execute_new_order
FN:126,OrderManager::maybe_withdraw
FN:151,<impl From for ExecutionResult>::from
FNF:6
FNDA:12,OrderManager::new
FNDA:12,OrderManager::execute_orders
FNDA:5,OrderManager::execute_existing_order
FNDA:34,OrderManager::execute_new_order
FNDA:5,OrderManager::maybe_withdraw
FNDA:10,<impl From for ExecutionResult>::from
DA:31,12
DA:46,12
DA:47,12
DA:48,12
DA:52,12
DA:58,91
DA:59,27
DA:60,1
DA:62,39
DA:63,39
DA:64,5
DA:65,5
DA:68,34
DA:70,0
DA:74,27
DA:75,32
DA:78,10
DA:81,5
DA:89,5
DA:90,5
DA:91,5
DA:93,1
DA:95,1
DA:96,1
DA:97,1
DA:98,1
DA:101,3
DA:102,6
DA:103,3
DA:104,3
DA:105,3
DA:107,1
DA:109,5
DA:112,34
DA:119,68
DA:126,5
DA:132,5
DA:133,4
DA:135,1
DA:136,1
DA:137,1
DA:140,1
DA:141,1
DA:143,1
DA:144,1
DA:145,1
DA:146,1
DA:151,10
DA:152,10
DA:153,10
DA:155,10
DA:156,10
DA:157,10
LF:53
LH:52
end_of_record
TN:
SF:/Users/jamesbradley/dev/rujira/ruji/contracts/rujira-fin/src/pool.rs
FN:38,Pool::iter
FN:81,Pool::load
FN:97,Pool::key
FN:101,Pool::create_order
FN:119,Pool::load_order
FN:125,Pool::increase_order
FN:140,Pool::retract_order
FN:156,Pool::claim_order
FN:166,Pool::sync_order
FN:175,Pool::sum_snapshot
FN:185,<impl Swappable for Pool>::swap
FN:202,<impl Swappable for Pool>::commit
FN:218,<impl Swappable for Pool>::attributes
FN:225,<impl Swappable for Pool>::rate
FN:229,<impl Swappable for Pool>::total
FN:233,<impl Swappable for Pool>::prefix
FNF:16
FNDA:56,Pool::iter
FNDA:80,Pool::load
FNDA:210,Pool::key
FNDA:68,Pool::create_order
FNDA:40,Pool::load_order
FNDA:1,Pool::increase_order
FNDA:3,Pool::retract_order
FNDA:1,Pool::claim_order
FNDA:9,Pool::sync_order
FNDA:9,Pool::sum_snapshot
FNDA:36,<impl Swappable for Pool>::swap
FNDA:91,<impl Swappable for Pool>::commit
FNDA:9,<impl Swappable for Pool>::attributes
FNDA:99,<impl Swappable for Pool>::rate
FNDA:45,<impl Swappable for Pool>::total
FNDA:8,<impl Swappable for Pool>::prefix
DA:38,56
DA:43,112
DA:44,28
DA:45,28
DA:48,117
DA:49,61
DA:50,61
DA:51,61
DA:52,61
DA:53,61
DA:56,61
DA:57,61
DA:58,61
DA:59,61
DA:61,0
DA:65,56
DA:66,56
DA:67,56
DA:68,56
DA:70,56
DA:71,56
DA:72,56
DA:73,56
DA:75,86
DA:76,15
DA:77,15
DA:81,80
DA:87,80
DA:89,80
DA:90,80
DA:91,80
DA:92,80
DA:93,80
DA:97,210
DA:98,210
DA:101,68
DA:109,68
DA:111,68
DA:112,68
DA:114,68
DA:115,68
DA:116,68
DA:119,40
DA:120,80
DA:121,0
DA:122,6
DA:125,1
DA:132,1
DA:133,1
DA:134,1
DA:135,1
DA:136,1
DA:137,1
DA:140,3
DA:147,3
DA:148,6
DA:151,0
DA:152,3
DA:153,3
DA:156,1
DA:161,1
DA:162,1
DA:163,1
DA:166,9
DA:171,9
DA:172,9
DA:175,9
DA:176,9
DA:177,9
DA:178,9
DA:180,9
DA:185,36
DA:186,72
DA:187,12
DA:188,24
DA:190,72
DA:191,36
DA:192,36
DA:197,0
DA:198,36
DA:202,91
DA:203,119
DA:204,28
DA:207,91
DA:209,91
DA:210,13
DA:211,13
DA:214,78
DA:215,78
DA:218,9
DA:219,9
DA:220,9
DA:221,9
DA:225,99
DA:226,99
DA:229,45
DA:230,45
DA:233,8
DA:234,8
LF:99
LH:95
end_of_record
TN:
SF:/Users/jamesbradley/dev/rujira/ruji/contracts/rujira-fin/src/pool_key.rs
FN:18,<impl PrimaryKey for PoolType>::key
FN:27,<impl Prefixer for PoolType>::prefix
FN:36,<impl KeyDeserialize for PoolType>::from_vec
FN:52,PoolKey::new
FN:63,<impl PrimaryKey for PoolKey>::key
FN:80,<impl Prefixer for PoolKey>::prefix
FN:89,<impl KeyDeserialize for PoolKey>::from_vec
FNF:7
FNDA:486,<impl PrimaryKey for PoolType>::key
FNDA:114,<impl Prefixer for PoolType>::prefix
FNDA:2,<impl KeyDeserialize for PoolType>::from_vec
FNDA:385,PoolKey::new
FNDA:372,<impl PrimaryKey for PoolKey>::key
FNDA:0,<impl Prefixer for PoolKey>::prefix
FNDA:11,<impl KeyDeserialize for PoolKey>::from_vec
DA:18,486
DA:19,486
DA:20,285
DA:21,201
DA:27,114
DA:28,114
DA:36,2
DA:37,2
DA:38,1
DA:39,1
DA:40,0
DA:52,385
DA:63,372
DA:64,372
DA:66,372
DA:67,229
DA:68,229
DA:70,143
DA:71,143
DA:74,372
DA:75,372
DA:80,0
DA:81,0
DA:89,11
DA:91,22
DA:93,11
DA:94,11
LF:27
LH:24
end_of_record
TN:
SF:/Users/jamesbradley/dev/rujira/ruji/contracts/rujira-orca/src/market_maker.rs
FN:19,MarketMaker<'a>::new
FNF:1
FNDA:0,MarketMaker<'a>::new
DA:19,0
DA:25,0
DA:26,0
DA:68,0
DA:69,0
DA:72,0
DA:73,0
DA:74,0
DA:75,0
DA:77,0
DA:78,0
DA:79,0
DA:80,0
DA:81,0
DA:82,0
DA:83,0
DA:84,0
DA:89,0
DA:90,0
DA:93,0
LF:20
LH:0
end_of_record
TN:
SF:/Users/jamesbradley/dev/rujira/ruji/contracts/rujira-orca/src/pool.rs
FN:35,Pool::iter
FNF:1
FNDA:0,Pool::iter
DA:35,0
DA:36,0
DA:37,0
DA:38,0
DA:39,0
DA:40,0
DA:41,0
DA:44,0
DA:45,0
DA:47,0
DA:51,0
LF:11
LH:0
end_of_record
TN:
SF:/Users/jamesbradley/dev/rujira/ruji/contracts/rujira-pilot/src/pool.rs
FN:35,Pool::iter
FNF:1
FNDA:0,Pool::iter
DA:35,0
DA:36,0
DA:37,0
DA:38,0
DA:39,0
DA:40,0
DA:41,0
DA:44,0
DA:45,0
DA:47,0
DA:51,0
LF:11
LH:0
end_of_record
TN:
SF:/Users/jamesbradley/dev/rujira/ruji/packages/rujira-rs/src/asset.rs
FN:23,<impl Display for Asset>::fmt
FN:38,NativeAsset::new
FN:44,NativeAsset::denom_string
FN:50,<impl Display for NativeAsset>::fmt
FN:62,SecuredAsset::new
FN:69,SecuredAsset::denom_string
FN:73,SecuredAsset::ticker
FN:83,<impl Display for SecuredAsset>::fmt
FN:95,Layer1Asset::new
FN:102,Layer1Asset::denom_string
FN:106,Layer1Asset::ticker
FN:116,<impl Display for Layer1Asset>::fmt
FN:140,<impl TryFrom for Layer1Asset>::try_from
FN:154,<impl FromStr for Layer1Asset>::from_str
FN:169,<impl Memoed for Asset>::to_memo
FN:185,<impl From for Asset>::from
FNF:16
FNDA:0,<impl Display for Asset>::fmt
FNDA:0,NativeAsset::new
FNDA:0,NativeAsset::denom_string
FNDA:0,<impl Display for NativeAsset>::fmt
FNDA:0,SecuredAsset::new
FNDA:0,SecuredAsset::denom_string
FNDA:0,SecuredAsset::ticker
FNDA:0,<impl Display for SecuredAsset>::fmt
FNDA:6,Layer1Asset::new
FNDA:0,Layer1Asset::denom_string
FNDA:0,Layer1Asset::ticker
FNDA:44,<impl Display for Layer1Asset>::fmt
FNDA:56,<impl TryFrom for Layer1Asset>::try_from
FNDA:0,<impl FromStr for Layer1Asset>::from_str
FNDA:0,<impl Memoed for Asset>::to_memo
FNDA:0,<impl From for Asset>::from
DA:23,0
DA:24,0
DA:25,0
DA:26,0
DA:27,0
DA:38,0
DA:40,0
DA:44,0
DA:45,0
DA:50,0
DA:51,0
DA:62,0
DA:65,0
DA:69,0
DA:70,0
DA:73,0
DA:74,0
DA:83,0
DA:84,0
DA:95,6
DA:98,6
DA:102,0
DA:103,0
DA:106,0
DA:107,0
DA:116,44
DA:117,44
DA:124,0
DA:125,0
DA:132,44
DA:133,44
DA:140,56
DA:141,56
DA:142,56
DA:143,56
DA:144,56
DA:146,0
DA:154,0
DA:155,0
DA:169,0
DA:170,0
DA:171,0
DA:172,0
DA:173,0
DA:179,0
DA:180,0
DA:185,0
DA:186,0
LF:48
LH:11
end_of_record
TN:
SF:/Users/jamesbradley/dev/rujira/ruji/packages/rujira-rs/src/bid_pool/bid.rs
FN:23,Bid::sum_snapshot_key
FN:27,Bid::amount
FN:31,Bid::filled
FN:35,Bid::claim_filled
FN:41,Bid::retract
FN:52,Bid::increase
FN:58,Bid::is_empty
FN:63,assert_withdraw_amount
FNF:8
FNDA:9,Bid::sum_snapshot_key
FNDA:47,Bid::amount
FNDA:9,Bid::filled
FNDA:1,Bid::claim_filled
FNDA:3,Bid::retract
FNDA:1,Bid::increase
FNDA:73,Bid::is_empty
FNDA:3,assert_withdraw_amount
DA:23,9
DA:24,9
DA:27,47
DA:28,47
DA:31,9
DA:32,9
DA:35,1
DA:36,1
DA:37,1
DA:38,1
DA:41,3
DA:46,6
DA:48,0
DA:49,3
DA:52,1
DA:53,1
DA:54,1
DA:55,1
DA:58,73
DA:59,75
DA:63,3
DA:67,9
DA:69,0
DA:70,0
DA:73,3
DA:75,0
LF:26
LH:22
end_of_record
TN:
SF:/Users/jamesbradley/dev/rujira/ruji/packages/rujira-rs/src/bid_pool/pool.rs
FN:22,<impl Default for Pool>::default
FN:33,Pool::new_bid
FN:45,Pool::is_zero
FN:50,Pool::distribute
FN:72,Pool::total
FN:76,Pool::epoch
FN:80,Pool::distribute_full
FN:97,Pool::distribute_partial
FN:136,Pool::sync_bid
FN:145,Pool::bid_filled_amount
FN:163,Pool::bid_remaining_amount
FN:179,Pool::increment_epoch
FNF:12
FNDA:67,<impl Default for Pool>::default
FNDA:68,Pool::new_bid
FNDA:91,Pool::is_zero
FNDA:36,Pool::distribute
FNDA:45,Pool::total
FNDA:0,Pool::epoch
FNDA:23,Pool::distribute_full
FNDA:13,Pool::distribute_partial
FNDA:9,Pool::sync_bid
FNDA:9,Pool::bid_filled_amount
FNDA:9,Pool::bid_remaining_amount
FNDA:23,Pool::increment_epoch
DA:22,67
DA:24,67
DA:25,67
DA:26,67
DA:33,68
DA:34,68
DA:38,68
DA:39,68
DA:40,68
DA:41,68
DA:45,91
DA:46,91
DA:50,36
DA:55,72
DA:56,0
DA:58,36
DA:64,36
DA:66,23
DA:69,13
DA:72,45
DA:73,45
DA:76,0
DA:77,0
DA:80,23
DA:81,23
DA:82,23
DA:83,23
DA:84,23
DA:86,23
DA:87,23
DA:88,23
DA:90,23
DA:91,23
DA:92,23
DA:93,23
DA:97,13
DA:103,13
DA:111,13
DA:112,13
DA:113,0
DA:116,13
DA:120,13
DA:121,13
DA:122,13
DA:123,0
DA:126,13
DA:127,13
DA:129,13
DA:130,13
DA:131,13
DA:132,13
DA:136,9
DA:137,9
DA:138,9
DA:139,9
DA:140,9
DA:142,9
DA:145,9
DA:150,9
DA:151,0
DA:153,9
DA:154,9
DA:155,9
DA:156,9
DA:157,9
DA:160,9
DA:163,9
DA:164,9
DA:165,0
DA:168,9
DA:169,0
DA:172,5
DA:174,4
DA:175,4
DA:176,4
DA:179,23
DA:180,23
DA:181,23
DA:182,23
DA:183,23
LF:80
LH:72
end_of_record
TN:
SF:/Users/jamesbradley/dev/rujira/ruji/packages/rujira-rs/src/bid_pool/sum_snapshot.rs
FN:14,SumSnapshot::key
FN:20,<impl From for SumSnapshot>::from
FN:32,SumSnapshotKey::new
FN:42,<impl PrimaryKey for SumSnapshotKey>::key
FN:47,<impl Prefixer for SumSnapshotKey>::prefix
FN:56,<impl KeyDeserialize for SumSnapshotKey>::from_vec
FNF:6
FNDA:28,SumSnapshot::key
FNDA:59,<impl From for SumSnapshot>::from
FNDA:9,SumSnapshotKey::new
FNDA:37,<impl PrimaryKey for SumSnapshotKey>::key
FNDA:0,<impl Prefixer for SumSnapshotKey>::prefix
FNDA:0,<impl KeyDeserialize for SumSnapshotKey>::from_vec
DA:14,28
DA:15,28
DA:20,59
DA:22,59
DA:23,59
DA:32,9
DA:33,9
DA:42,37
DA:43,37
DA:47,0
DA:48,0
DA:56,0
DA:57,0
DA:58,0
LF:14
LH:9
end_of_record
TN:
SF:/Users/jamesbradley/dev/rujira/ruji/packages/rujira-rs/src/callback.rs
FN:31,CallbackData::to_message
FN:41,CallbackData::into_json_binary
FN:47,CallbackMsg::new
FN:52,CallbackMsg::new_without_data
FN:59,CallbackMsg::deserialize
FN:65,CallbackMsg::deserialize_data
FN:70,CallbackMsg::deserialize_callback
FN:77,<impl From for CallbackData>::from
FNF:8
FNDA:0,CallbackData::to_message
FNDA:0,CallbackData::into_json_binary
FNDA:0,CallbackMsg::new
FNDA:0,CallbackMsg::new_without_data
FNDA:0,CallbackMsg::deserialize
FNDA:0,CallbackMsg::deserialize_data
FNDA:0,CallbackMsg::deserialize_callback
FNDA:0,<impl From for CallbackData>::from
DA:31,0
DA:32,0
DA:34,0
DA:35,0
DA:36,0
DA:37,0
DA:41,0
DA:42,0
DA:47,0
DA:48,0
DA:49,0
DA:52,0
DA:54,0
DA:59,0
DA:60,0
DA:61,0
DA:62,0
DA:65,0
DA:66,0
DA:67,0
DA:70,0
DA:71,0
DA:72,0
DA:77,0
DA:78,0
LF:25
LH:0
end_of_record
TN:
SF:/Users/jamesbradley/dev/rujira/ruji/packages/rujira-rs/src/chain.rs
FN:22,<impl Display for Chain>::fmt
FN:46,<impl TryFrom for Chain>::try_from
FN:65,<impl FromStr for Chain>::from_str
FNF:3
FNDA:44,<impl Display for Chain>::fmt
FNDA:56,<impl TryFrom for Chain>::try_from
FNDA:0,<impl FromStr for Chain>::from_str
DA:22,44
DA:23,44
DA:30,0
DA:31,0
DA:38,0
DA:39,0
DA:46,56
DA:47,56
DA:48,56
DA:49,56
DA:50,56
DA:51,83
DA:52,29
DA:53,57
DA:54,1
DA:55,1
DA:56,2
DA:57,0
DA:65,0
DA:66,0
LF:20
LH:13
end_of_record
TN:
SF:/Users/jamesbradley/dev/rujira/ruji/packages/rujira-rs/src/coin.rs
FN:12,Coin::new
FN:29,<impl From for Anybuf>::from
FNF:2
FNDA:0,Coin::new
FNDA:0,<impl From for Anybuf>::from
DA:12,0
DA:14,0
DA:21,0
DA:22,0
DA:23,0
DA:24,0
DA:29,0
DA:30,0
LF:8
LH:0
end_of_record
TN:
SF:/Users/jamesbradley/dev/rujira/ruji/packages/rujira-rs/src/coins.rs
FN:13,<impl Coins for Vec<Coin>>::mul_coins
FN:33,<impl Coins for NativeBalance>::mul_coins
FNF:2
FNDA:0,<impl Coins for Vec<Coin>>::mul_coins
FNDA:0,<impl Coins for NativeBalance>::mul_coins
DA:13,0
DA:18,0
DA:19,0
DA:20,0
DA:21,0
DA:33,0
LF:6
LH:0
end_of_record
TN:
SF:/Users/jamesbradley/dev/rujira/ruji/packages/rujira-rs/src/decimal_scaled.rs
FN:23,DecimalScaled::one
FN:29,DecimalScaled::zero
FN:33,DecimalScaled::is_zero
FN:37,DecimalScaled::normalize
FN:48,DecimalScaled::to_uint_floor
FN:61,DecimalScaled::from_ratio
FN:72,DecimalScaled::pow
FN:76,DecimalScaled::truncate
FN:83,DecimalScaled::map_equalised
FN:126,<impl From for DecimalScaled>::from
FN:144,<impl From for Decimal256>::from
FN:169,<impl Div for DecimalScaled>::div
FN:195,<impl Add for DecimalScaled>::add
FN:203,<impl Sub for DecimalScaled>::sub
FN:209,<impl Fraction for DecimalScaled>::numerator
FN:219,<impl Fraction for DecimalScaled>::denominator
FN:227,<impl Fraction for DecimalScaled>::inv
FN:261,<impl Mul for DecimalScaled>::mul
FN:273,<impl Display for DecimalScaled>::fmt
FNF:19
FNDA:107,DecimalScaled::one
FNDA:111,DecimalScaled::zero
FNDA:425,DecimalScaled::is_zero
FNDA:147,DecimalScaled::normalize
FNDA:13,DecimalScaled::to_uint_floor
FNDA:26,DecimalScaled::from_ratio
FNDA:0,DecimalScaled::pow
FNDA:0,DecimalScaled::truncate
FNDA:63,DecimalScaled::map_equalised
FNDA:0,<impl From for DecimalScaled>::from
FNDA:0,<impl From for Decimal256>::from
FNDA:13,<impl Div for DecimalScaled>::div
FNDA:36,<impl Add for DecimalScaled>::add
FNDA:22,<impl Sub for DecimalScaled>::sub
FNDA:0,<impl Fraction for DecimalScaled>::numerator
FNDA:0,<impl Fraction for DecimalScaled>::denominator
FNDA:0,<impl Fraction for DecimalScaled>::inv
FNDA:13,<impl Mul for DecimalScaled>::mul
FNDA:0,<impl Display for DecimalScaled>::fmt
DA:23,107
DA:24,107
DA:29,111
DA:30,111
DA:33,425
DA:34,425
DA:37,147
DA:38,147
DA:39,4
DA:40,4
DA:42,1061
DA:43,306
DA:44,306
DA:48,13
DA:49,13
DA:50,13
DA:51,13
DA:52,5
DA:54,8
DA:57,0
DA:61,26
DA:62,26
DA:64,26
DA:67,26
DA:68,26
DA:69,26
DA:72,0
DA:73,0
DA:76,0
DA:77,0
DA:78,0
DA:79,0
DA:83,63
DA:89,126
DA:90,0
DA:91,46
DA:93,46
DA:94,46
DA:95,92
DA:97,46
DA:98,0
DA:100,0
DA:104,6
DA:105,0
DA:106,11
DA:107,11
DA:108,11
DA:109,33
DA:111,11
DA:112,0
DA:114,0
DA:120,0
DA:121,0
DA:126,0
DA:127,0
DA:128,0
DA:131,0
DA:132,0
DA:134,0
DA:135,0
DA:136,0
DA:139,0
DA:144,0
DA:145,0
DA:152,26
DA:153,52
DA:154,0
DA:157,26
DA:158,26
DA:159,0
DA:169,13
DA:170,13
DA:171,4
DA:173,9
DA:174,4
DA:177,5
DA:178,5
DA:179,10
DA:180,5
DA:181,5
DA:182,5
DA:183,5
DA:184,5
DA:187,5
DA:195,36
DA:196,108
DA:203,22
DA:204,66
DA:209,0
DA:210,0
DA:211,0
DA:212,0
DA:213,0
DA:215,0
DA:219,0
DA:220,0
DA:221,0
DA:223,0
DA:227,0
DA:228,0
DA:229,0
DA:231,0
DA:233,0
DA:236,0
DA:237,0
DA:238,0
DA:245,23
DA:246,46
DA:247,0
DA:250,23
DA:251,23
DA:252,23
DA:253,23
DA:254,23
DA:261,13
DA:262,22
DA:263,4
DA:266,9
DA:267,9
DA:268,9
DA:273,0
DA:274,0
DA:275,0
DA:276,0
DA:277,0
DA:280,0
DA:282,0
LF:127
LH:73
end_of_record
TN:
SF:/Users/jamesbradley/dev/rujira/ruji/packages/rujira-rs/src/exchange/commit.rs
FN:14,<impl Add for SwapCommit>::add
FN:25,<impl AddAssign for SwapCommit>::add_assign
FNF:2
FNDA:3,<impl Add for SwapCommit>::add
FNDA:23,<impl AddAssign for SwapCommit>::add_assign
DA:14,3
DA:16,3
DA:25,23
DA:26,23
DA:27,23
LF:5
LH:5
end_of_record
TN:
SF:/Users/jamesbradley/dev/rujira/ruji/packages/rujira-rs/src/exchange/swappable.rs
FN:37,<impl Swappable for EitherOrBoth<T,V>>::prefix
FN:45,<impl Swappable for EitherOrBoth<T,V>>::rate
FN:53,<impl Swappable for EitherOrBoth<T,V>>::attributes
FN:65,<impl Swappable for EitherOrBoth<T,V>>::total
FN:73,<impl Swappable for EitherOrBoth<T,V>>::swap
FN:98,<impl Swappable for EitherOrBoth<T,V>>::commit
FNF:6
FNDA:26,<impl Swappable for EitherOrBoth<T,V>>::prefix
FNDA:319,<impl Swappable for EitherOrBoth<T,V>>::rate
FNDA:26,<impl Swappable for EitherOrBoth<T,V>>::attributes
FNDA:315,<impl Swappable for EitherOrBoth<T,V>>::total
FNDA:72,<impl Swappable for EitherOrBoth<T,V>>::swap
FNDA:32,<impl Swappable for EitherOrBoth<T,V>>::commit
DA:37,26
DA:38,26
DA:39,2
DA:40,13
DA:41,11
DA:45,319
DA:46,319
DA:47,4
DA:48,32
DA:49,283
DA:53,26
DA:54,26
DA:55,2
DA:56,2
DA:57,2
DA:58,2
DA:60,13
DA:61,11
DA:65,315
DA:66,315
DA:67,3
DA:68,36
DA:69,276
DA:73,72
DA:74,72
DA:75,6
DA:76,6
DA:78,6
DA:79,6
DA:80,6
DA:82,6
DA:83,6
DA:84,6
DA:87,39
DA:88,78
DA:89,39
DA:91,27
DA:92,54
DA:93,27
DA:98,32
DA:99,32
DA:100,6
DA:101,18
DA:102,11
LF:44
LH:44
end_of_record
TN:
SF:/Users/jamesbradley/dev/rujira/ruji/packages/rujira-rs/src/exchange/swapper.rs
FN:18,Swapper<T>::new
FN:29,Swapper<T>::swap
FN:65,Swapper<T>::commit
FN:75,event
FNF:4
FNDA:8,Swapper<T>::new
FNDA:8,Swapper<T>::swap
FNDA:7,Swapper<T>::commit
FNDA:18,event
DA:18,8
DA:20,8
DA:24,8
DA:25,8
DA:29,8
DA:30,50
DA:31,0
DA:32,6
DA:34,18
DA:35,18
DA:36,18
DA:37,18
DA:38,18
DA:39,18
DA:42,8
DA:43,8
DA:46,8
DA:48,0
DA:49,0
DA:50,0
DA:51,0
DA:52,0
DA:57,8
DA:58,8
DA:59,8
DA:60,8
DA:61,8
DA:65,7
DA:66,7
DA:67,24
DA:68,17
DA:71,7
DA:75,18
DA:76,18
DA:77,18
DA:78,18
DA:79,18
DA:80,18
DA:81,18
LF:39
LH:33
end_of_record
TN:
SF:/Users/jamesbradley/dev/rujira/ruji/packages/rujira-rs/src/interfaces/bow/arbitrage.rs
FN:19,<impl Strategy for Arbitrage>::denom
FN:22,<impl Strategy for Arbitrage>::validate
FN:33,<impl Strategy for Arbitrage>::quote
FN:42,<impl Strategy for Arbitrage>::calculate_share
FN:53,<impl Strategy for Arbitrage>::calculate_ownership
FNF:5
FNDA:0,<impl Strategy for Arbitrage>::denom
FNDA:0,<impl Strategy for Arbitrage>::validate
FNDA:0,<impl Strategy for Arbitrage>::quote
FNDA:0,<impl Strategy for Arbitrage>::calculate_share
FNDA:0,<impl Strategy for Arbitrage>::calculate_ownership
DA:19,0
DA:22,0
DA:33,0
DA:42,0
DA:53,0
LF:5
LH:0
end_of_record
TN:
SF:/Users/jamesbradley/dev/rujira/ruji/packages/rujira-rs/src/interfaces/bow/strategy.rs
FN:67,<impl Strategy for Strategies>::denom
FN:71,<impl Strategy for Strategies>::validate
FN:82,<impl Strategy for Strategies>::quote
FN:91,<impl Strategy for Strategies>::calculate_share
FN:101,<impl Strategy for Strategies>::calculate_ownership
FNF:5
FNDA:6,<impl Strategy for Strategies>::denom
FNDA:4,<impl Strategy for Strategies>::validate
FNDA:301,<impl Strategy for Strategies>::quote
FNDA:3,<impl Strategy for Strategies>::calculate_share
FNDA:0,<impl Strategy for Strategies>::calculate_ownership
DA:67,6
DA:68,6
DA:71,4
DA:79,4
DA:82,301
DA:88,301
DA:91,3
DA:98,3
DA:101,0
DA:109,0
LF:10
LH:8
end_of_record
TN:
SF:/Users/jamesbradley/dev/rujira/ruji/packages/rujira-rs/src/interfaces/bow/xyk.rs
FN:33,Xyk::new
FN:36,Xyk::state
FN:78,PoolState::swap
FN:92,PoolState::new
FN:97,PoolState::price
FN:103,<impl Strategy for Xyk>::denom
FN:107,<impl Strategy for Xyk>::validate
FN:134,<impl Strategy for Xyk>::quote
FN:180,<impl Strategy for Xyk>::calculate_share
FN:219,<impl Strategy for Xyk>::calculate_ownership
FNF:10
FNDA:3,Xyk::new
FNDA:39,Xyk::state
FNDA:303,PoolState::swap
FNDA:39,PoolState::new
FNDA:299,PoolState::price
FNDA:6,<impl Strategy for Xyk>::denom
FNDA:4,<impl Strategy for Xyk>::validate
FNDA:301,<impl Strategy for Xyk>::quote
FNDA:3,<impl Strategy for Xyk>::calculate_share
FNDA:0,<impl Strategy for Xyk>::calculate_ownership
DA:33,3
DA:36,39
DA:45,78
DA:46,59
DA:47,10
DA:50,39
DA:51,39
DA:53,112
DA:54,112
DA:56,39
DA:58,146
DA:59,112
DA:62,60
DA:63,21
DA:68,36
DA:69,18
DA:71,0
DA:78,303
DA:79,303
DA:80,303
DA:81,303
DA:82,303
DA:84,303
DA:85,303
DA:86,303
DA:87,303
DA:88,303
DA:89,303
DA:92,39
DA:93,39
DA:97,299
DA:98,299
DA:103,6
DA:104,6
DA:107,4
DA:115,8
DA:116,4
DA:117,4
DA:118,4
DA:119,4
DA:120,4
DA:122,4
DA:125,0
DA:126,0
DA:127,0
DA:131,4
DA:134,301
DA:140,602
DA:141,269
DA:142,32
DA:143,32
DA:144,32
DA:146,32
DA:147,32
DA:148,32
DA:152,2
DA:156,269
DA:157,269
DA:158,269
DA:159,269
DA:161,30
DA:162,30
DA:167,299
DA:170,0
DA:173,299
DA:174,299
DA:175,299
DA:176,299
DA:180,3
DA:187,9
DA:188,12
DA:190,3
DA:191,3
DA:192,3
DA:193,3
DA:194,3
DA:196,6
DA:197,3
DA:198,3
DA:199,3
DA:200,3
DA:201,3
DA:203,3
DA:204,3
DA:207,0
DA:208,0
DA:213,3
DA:215,0
DA:219,0
DA:227,0
DA:228,0
DA:230,0
DA:232,0
DA:233,0
DA:234,0
DA:236,0
DA:237,0
DA:240,0
DA:241,0
DA:242,0
DA:243,0
DA:245,0
DA:246,0
DA:247,0
DA:250,0
DA:252,0
LF:106
LH:80
end_of_record
TN:
SF:/Users/jamesbradley/dev/rujira/ruji/packages/rujira-rs/src/interfaces/fin/denoms.rs
FN:10,Denoms::new
FN:14,Denoms::base
FN:18,Denoms::quote
FN:22,Denoms::ask
FN:29,Denoms::bid
FN:37,Denoms::ask_side
FNF:6
FNDA:16,Denoms::new
FNDA:353,Denoms::base
FNDA:346,Denoms::quote
FNDA:319,Denoms::ask
FNDA:368,Denoms::bid
FNDA:8,Denoms::ask_side
DA:10,16
DA:11,16
DA:14,353
DA:15,353
DA:18,346
DA:19,346
DA:22,319
DA:23,319
DA:24,156
DA:25,163
DA:29,368
DA:30,368
DA:31,182
DA:32,186
DA:37,8
DA:38,8
DA:39,4
DA:42,4
DA:43,4
DA:46,0
LF:20
LH:19
end_of_record
TN:
SF:/Users/jamesbradley/dev/rujira/ruji/packages/rujira-rs/src/interfaces/fin/price.rs
FN:14,<impl Display for Price>::fmt
FN:23,Price::to_rate
FN:37,<impl OraclePrice for Option<T>>::adjust
FN:51,<impl PrimaryKey for Price>::key
FN:63,<impl KeyDeserialize for Price>::from_vec
FNF:5
FNDA:48,<impl Display for Price>::fmt
FNDA:145,Price::to_rate
FNDA:24,<impl OraclePrice for Option<T>>::adjust
FNDA:487,<impl PrimaryKey for Price>::key
FNDA:96,<impl KeyDeserialize for Price>::from_vec
DA:14,48
DA:15,48
DA:16,33
DA:17,15
DA:23,145
DA:24,145
DA:25,88
DA:26,57
DA:37,24
DA:38,24
DA:39,24
DA:40,0
DA:51,487
DA:52,487
DA:53,298
DA:54,189
DA:63,96
DA:64,96
DA:65,51
DA:66,51
DA:68,45
DA:69,0
LF:22
LH:20
end_of_record
TN:
SF:/Users/jamesbradley/dev/rujira/ruji/packages/rujira-rs/src/interfaces/fin/side.rs
FN:14,<impl Display for Side>::fmt
FN:28,<impl PrimaryKey for Side>::key
FN:37,<impl Prefixer for Side>::prefix
FN:46,<impl KeyDeserialize for Side>::from_vec
FNF:4
FNDA:59,<impl Display for Side>::fmt
FNDA:602,<impl PrimaryKey for Side>::key
FNDA:116,<impl Prefixer for Side>::prefix
FNDA:21,<impl KeyDeserialize for Side>::from_vec
DA:14,59
DA:15,59
DA:16,27
DA:17,32
DA:28,602
DA:29,602
DA:30,246
DA:31,356
DA:37,116
DA:38,116
DA:46,21
DA:47,21
DA:48,5
DA:49,16
DA:50,0
LF:15
LH:14
end_of_record
TN:
SF:/Users/jamesbradley/dev/rujira/ruji/packages/rujira-rs/src/interfaces/fin/tick.rs
FN:9,Tick::new
FN:13,Tick::validate
FN:20,Tick::truncate_floor
FN:24,Tick::truncate_ceil
FN:28,Tick::do_truncate
FNF:5
FNDA:16,Tick::new
FNDA:27,Tick::validate
FNDA:181,Tick::truncate_floor
FNDA:150,Tick::truncate_ceil
FNDA:331,Tick::do_truncate
DA:9,16
DA:10,16
DA:13,27
DA:14,27
DA:15,26
DA:17,1
DA:20,181
DA:21,543
DA:24,150
DA:25,450
DA:28,331
DA:32,331
DA:33,331
DA:34,331
DA:35,331
DA:36,331
DA:37,331
LF:17
LH:17
end_of_record
TN:
SF:/Users/jamesbradley/dev/rujira/ruji/packages/rujira-rs/src/interfaces/orca/denoms.rs
FN:7,Denoms::new
FN:11,Denoms::ask
FN:15,Denoms::bid
FNF:3
FNDA:0,Denoms::new
FNDA:0,Denoms::ask
FNDA:0,Denoms::bid
DA:7,0
DA:8,0
DA:11,0
DA:12,0
DA:15,0
DA:16,0
LF:6
LH:0
end_of_record
TN:
SF:/Users/jamesbradley/dev/rujira/ruji/packages/rujira-rs/src/interfaces/pilot/denoms.rs
FN:7,Denoms::new
FN:11,Denoms::ask
FN:15,Denoms::bid
FNF:3
FNDA:0,Denoms::new
FNDA:0,Denoms::ask
FNDA:0,Denoms::bid
DA:7,0
DA:8,0
DA:11,0
DA:12,0
DA:15,0
DA:16,0
LF:6
LH:0
end_of_record
TN:
SF:/Users/jamesbradley/dev/rujira/ruji/packages/rujira-rs/src/interfaces/stream.rs
FN:26,Schedule::allocation
FN:83,<impl From for InstantiateMsg>::from
FNF:2
FNDA:0,Schedule::allocation
FNDA:0,<impl From for InstantiateMsg>::from
DA:26,0
DA:27,0
DA:29,0
DA:30,0
DA:31,0
DA:32,0
DA:33,0
DA:34,0
DA:35,0
DA:36,0
DA:39,0
DA:40,0
DA:41,0
DA:42,0
DA:43,0
DA:44,0
DA:46,0
DA:47,0
DA:50,0
DA:83,0
DA:85,0
DA:86,0
LF:22
LH:0
end_of_record
TN:
SF:/Users/jamesbradley/dev/rujira/ruji/packages/rujira-rs/src/memoed.rs
FN:11,Memo::push
FN:19,<impl Display for Memo>::fmt
FN:29,<impl Memoed for Addr>::to_memo
FN:35,<impl Memoed for String>::to_memo
FN:41,<impl Memoed for &str>::to_memo
FN:50,<impl Memoed for Vec<T>>::to_memo
FNF:6
FNDA:0,Memo::push
FNDA:0,<impl Display for Memo>::fmt
FNDA:0,<impl Memoed for Addr>::to_memo
FNDA:0,<impl Memoed for String>::to_memo
FNDA:0,<impl Memoed for &str>::to_memo
FNDA:0,<impl Memoed for Vec<T>>::to_memo
DA:11,0
DA:12,0
DA:13,0
DA:19,0
DA:20,0
DA:29,0
DA:30,0
DA:35,0
DA:36,0
DA:41,0
DA:42,0
DA:50,0
DA:51,0
DA:52,0
LF:14
LH:0
end_of_record
TN:
SF:/Users/jamesbradley/dev/rujira/ruji/packages/rujira-rs/src/msg/bridge_asset.rs
FN:15,MsgBridgeAssetWithdraw::new
FN:21,<impl Memoed for MsgBridgeAssetWithdraw>::to_memo
FN:27,<impl From for CosmosMsg>::from
FNF:3
FNDA:0,MsgBridgeAssetWithdraw::new
FNDA:0,<impl Memoed for MsgBridgeAssetWithdraw>::to_memo
FNDA:0,<impl From for CosmosMsg>::from
DA:15,0
DA:21,0
DA:22,0
DA:27,0
DA:28,0
LF:5
LH:0
end_of_record
TN:
SF:/Users/jamesbradley/dev/rujira/ruji/packages/rujira-rs/src/msg/deposit.rs
FN:12,MsgDeposit::new
FN:18,<impl From for CosmosMsg>::from
FNF:2
FNDA:0,MsgDeposit::new
FNDA:0,<impl From for CosmosMsg>::from
DA:12,0
DA:18,0
DA:19,0
DA:20,0
DA:21,0
DA:22,0
DA:24,0
DA:25,0
DA:26,0
LF:9
LH:0
end_of_record
TN:
SF:/Users/jamesbradley/dev/rujira/ruji/packages/rujira-rs/src/msg/swap.rs
FN:30,MsgSwap::new
FN:40,<impl Memoed for MsgSwap>::to_memo
FN:53,<impl From for CosmosMsg>::from
FN:84,Affiliate::new
FN:97,<impl Memoed for Destination>::to_memo
FN:109,<impl Memoed for Slip>::to_memo
FN:122,<impl Memoed for Option<Slip>>::to_memo
FN:131,<impl Memoed for Affiliate>::to_memo
FN:137,<impl Memoed for Option<Affiliate>>::to_memo
FN:146,<impl Memoed for Dex>::to_memo
FN:160,<impl Memoed for Option<Dex>>::to_memo
FNF:11
FNDA:0,MsgSwap::new
FNDA:0,<impl Memoed for MsgSwap>::to_memo
FNDA:0,<impl From for CosmosMsg>::from
FNDA:0,Affiliate::new
FNDA:0,<impl Memoed for Destination>::to_memo
FNDA:0,<impl Memoed for Slip>::to_memo
FNDA:0,<impl Memoed for Option<Slip>>::to_memo
FNDA:0,<impl Memoed for Affiliate>::to_memo
FNDA:0,<impl Memoed for Option<Affiliate>>::to_memo
FNDA:0,<impl Memoed for Dex>::to_memo
FNDA:0,<impl Memoed for Option<Dex>>::to_memo
DA:30,0
DA:40,0
DA:41,0
DA:42,0
DA:43,0
DA:44,0
DA:45,0
DA:46,0
DA:47,0
DA:53,0
DA:54,0
DA:84,0
DA:97,0
DA:98,0
DA:99,0
DA:101,0
DA:102,0
DA:103,0
DA:109,0
DA:110,0
DA:111,0
DA:113,0
DA:114,0
DA:115,0
DA:116,0
DA:122,0
DA:123,0
DA:124,0
DA:125,0
DA:131,0
DA:132,0
DA:137,0
DA:138,0
DA:139,0
DA:140,0
DA:146,0
DA:147,0
DA:149,0
DA:150,0
DA:151,0
DA:152,0
DA:153,0
DA:160,0
DA:161,0
DA:162,0
DA:163,0
LF:46
LH:0
end_of_record
TN:
SF:/Users/jamesbradley/dev/rujira/ruji/packages/rujira-rs/src/msg/token_factory.rs
FN:91,<impl From for CosmosMsg>::from
FN:104,coin_message
FN:110,metadata_message
FN:124,denom_unit_message
FNF:4
FNDA:0,<impl From for CosmosMsg>::from
FNDA:3,coin_message
FNDA:3,metadata_message
FNDA:3,denom_unit_message
DA:36,3
DA:37,3
DA:38,3
DA:39,3
DA:40,3
DA:41,3
DA:42,3
DA:43,3
DA:44,3
DA:50,3
DA:51,3
DA:52,3
DA:53,3
DA:54,3
DA:55,3
DA:56,3
DA:57,3
DA:58,3
DA:64,0
DA:65,0
DA:66,0
DA:67,0
DA:68,0
DA:69,0
DA:70,0
DA:71,0
DA:77,0
DA:78,0
DA:79,0
DA:80,0
DA:81,0
DA:82,0
DA:83,0
DA:84,0
DA:85,0
DA:91,0
DA:92,0
DA:93,0
DA:94,0
DA:95,0
DA:96,0
DA:97,0
DA:98,0
DA:99,0
DA:104,3
DA:105,3
DA:106,3
DA:107,3
DA:110,3
DA:111,3
DA:113,3
DA:114,3
DA:115,3
DA:116,3
DA:117,3
DA:118,3
DA:119,3
DA:120,3
DA:121,3
DA:124,3
DA:125,3
DA:126,3
DA:127,3
DA:128,3
LF:64
LH:38
end_of_record
TN:
SF:/Users/jamesbradley/dev/rujira/ruji/packages/rujira-rs/src/proto/types.rs
FN:174,Status::as_str_name
FN:182,Status::from_str_name
FN:524,OrderType::as_str_name
FN:531,OrderType::from_str_name
FN:629,KeygenType::as_str_name
FN:636,KeygenType::from_str_name
FN:3015,PoolStatus::as_str_name
FN:3024,PoolStatus::from_str_name
FN:3508,PendingLiquidityType::as_str_name
FN:3515,PendingLiquidityType::from_str_name
FN:3536,BondType::as_str_name
FN:3545,BondType::from_str_name
FN:3566,MintBurnSupplyType::as_str_name
FN:3573,MintBurnSupplyType::from_str_name
FN:3731,NodeStatus::as_str_name
FN:3742,NodeStatus::from_str_name
FN:3766,NodeType::as_str_name
FN:3774,NodeType::from_str_name
FN:4007,VaultType::as_str_name
FN:4014,VaultType::from_str_name
FN:4035,VaultStatus::as_str_name
FN:4044,VaultStatus::from_str_name
FNF:22
FNDA:0,Status::as_str_name
FNDA:0,Status::from_str_name
FNDA:0,OrderType::as_str_name
FNDA:0,OrderType::from_str_name
FNDA:0,KeygenType::as_str_name
FNDA:0,KeygenType::from_str_name
FNDA:0,PoolStatus::as_str_name
FNDA:44,PoolStatus::from_str_name
FNDA:0,PendingLiquidityType::as_str_name
FNDA:0,PendingLiquidityType::from_str_name
FNDA:0,BondType::as_str_name
FNDA:0,BondType::from_str_name
FNDA:0,MintBurnSupplyType::as_str_name
FNDA:0,MintBurnSupplyType::from_str_name
FNDA:0,NodeStatus::as_str_name
FNDA:0,NodeStatus::from_str_name
FNDA:0,NodeType::as_str_name
FNDA:0,NodeType::from_str_name
FNDA:0,VaultType::as_str_name
FNDA:0,VaultType::from_str_name
FNDA:0,VaultStatus::as_str_name
FNDA:0,VaultStatus::from_str_name
DA:174,0
DA:175,0
DA:176,0
DA:177,0
DA:178,0
DA:182,0
DA:183,0
DA:184,0
DA:185,0
DA:186,0
DA:187,0
DA:524,0
DA:525,0
DA:526,0
DA:527,0
DA:531,0
DA:532,0
DA:533,0
DA:534,0
DA:535,0
DA:629,0
DA:630,0
DA:631,0
DA:632,0
DA:636,0
DA:637,0
DA:638,0
DA:639,0
DA:640,0
DA:3015,0
DA:3016,0
DA:3017,0
DA:3018,0
DA:3019,0
DA:3020,0
DA:3024,44
DA:3025,44
DA:3026,44
DA:3027,88
DA:3028,0
DA:3029,0
DA:3030,0
DA:3508,0
DA:3509,0
DA:3510,0
DA:3511,0
DA:3515,0
DA:3516,0
DA:3517,0
DA:3518,0
DA:3519,0
DA:3536,0
DA:3537,0
DA:3538,0
DA:3539,0
DA:3540,0
DA:3541,0
DA:3545,0
DA:3546,0
DA:3547,0
DA:3548,0
DA:3549,0
DA:3550,0
DA:3551,0
DA:3566,0
DA:3567,0
DA:3568,0
DA:3569,0
DA:3573,0
DA:3574,0
DA:3575,0
DA:3576,0
DA:3577,0
DA:3731,0
DA:3732,0
DA:3733,0
DA:3734,0
DA:3735,0
DA:3736,0
DA:3737,0
DA:3738,0
DA:3742,0
DA:3743,0
DA:3744,0
DA:3745,0
DA:3746,0
DA:3747,0
DA:3748,0
DA:3749,0
DA:3750,0
DA:3766,0
DA:3767,0
DA:3768,0
DA:3769,0
DA:3770,0
DA:3774,0
DA:3775,0
DA:3776,0
DA:3777,0
DA:3778,0
DA:3779,0
DA:4007,0
DA:4008,0
DA:4009,0
DA:4010,0
DA:4014,0
DA:4015,0
DA:4016,0
DA:4017,0
DA:4018,0
DA:4035,0
DA:4036,0
DA:4037,0
DA:4038,0
DA:4039,0
DA:4040,0
DA:4044,0
DA:4045,0
DA:4046,0
DA:4047,0
DA:4048,0
DA:4049,0
DA:4050,0
LF:123
LH:4
end_of_record
TN:
SF:/Users/jamesbradley/dev/rujira/ruji/packages/rujira-rs/src/query/grpc.rs
FN:28,<impl Queryable for T>::get
FN:57,<impl QueryablePair for QueryPoolResponse>::grpc_path
FNF:2
FNDA:44,<impl Queryable for T>::get
FNDA:44,<impl QueryablePair for QueryPoolResponse>::grpc_path
DA:28,44
DA:32,44
DA:33,44
DA:34,88
DA:35,44
DA:37,0
DA:57,44
DA:58,44
LF:8
LH:7
end_of_record
TN:
SF:/Users/jamesbradley/dev/rujira/ruji/packages/rujira-rs/src/query/pool.rs
FN:43,<impl TryFrom for PoolStatus>::try_from
FN:60,<impl FromStr for PoolStatus>::from_str
FN:109,<impl TryFrom for Pool>::try_from
FN:152,Pool::load
FNF:4
FNDA:44,<impl TryFrom for PoolStatus>::try_from
FNDA:0,<impl FromStr for PoolStatus>::from_str
FNDA:44,<impl TryFrom for Pool>::try_from
FNDA:44,Pool::load
DA:29,44
DA:30,44
DA:36,0
DA:37,0
DA:43,44
DA:44,44
DA:45,44
DA:46,0
DA:47,0
DA:48,0
DA:49,0
DA:50,0
DA:51,0
DA:60,0
DA:61,0
DA:109,44
DA:110,44
DA:111,44
DA:112,44
DA:113,44
DA:114,44
DA:115,44
DA:116,44
DA:117,44
DA:118,44
DA:119,44
DA:120,44
DA:121,44
DA:122,44
DA:123,44
DA:124,44
DA:125,44
DA:126,44
DA:127,44
DA:128,44
DA:129,44
DA:130,44
DA:131,44
DA:132,44
DA:133,44
DA:134,44
DA:152,44
DA:154,44
DA:155,44
DA:157,88
DA:158,0
LF:46
LH:35
end_of_record
TN:
SF:/Users/jamesbradley/dev/rujira/ruji/packages/rujira-rs/src/schema.rs
FN:25,decode_execute_msg
FNF:1
FNDA:0,decode_execute_msg
DA:25,0
DA:26,0
DA:27,0
DA:30,0
LF:4
LH:0
end_of_record
TN:
SF:/Users/jamesbradley/dev/rujira/ruji/packages/rujira-rs/src/share_pool.rs
FN:16,SharePool::join
FN:33,SharePool::leave
FN:55,SharePool::ratio
FN:62,SharePool::size
FN:66,SharePool::shares
FN:70,SharePool::ownership
FN:77,SharePool::deposit
FNF:7
FNDA:0,SharePool::join
FNDA:0,SharePool::leave
FNDA:0,SharePool::ratio
FNDA:0,SharePool::size
FNDA:0,SharePool::shares
FNDA:0,SharePool::ownership
FNDA:0,SharePool::deposit
DA:16,0
DA:17,0
DA:18,0
DA:20,0
DA:21,0
DA:22,0
DA:23,0
DA:26,0
DA:27,0
DA:28,0
DA:29,0
DA:33,0
DA:34,0
DA:35,0
DA:38,0
DA:39,0
DA:42,0
DA:43,0
DA:44,0
DA:45,0
DA:46,0
DA:49,0
DA:50,0
DA:51,0
DA:52,0
DA:55,0
DA:56,0
DA:57,0
DA:59,0
DA:62,0
DA:63,0
DA:66,0
DA:67,0
DA:70,0
DA:71,0
DA:72,0
DA:74,0
DA:77,0
DA:78,0
LF:39
LH:0
end_of_record
TN:
SF:/Users/jamesbradley/dev/rujira/ruji/packages/rujira-rs/src/token_factory.rs
FN:15,TokenFactory::new
FN:22,TokenFactory::denom
FN:26,TokenFactory::supply
FN:30,TokenFactory::create_msg
FN:39,TokenFactory::mint_msg
FN:48,TokenFactory::burn_msg
FN:56,TokenFactory::set_admin_msg
FN:65,TokenFactory::set_metadata_msg
FN:106,TokenMetadata::to_sdk
FNF:9
FNDA:6,TokenFactory::new
FNDA:12,TokenFactory::denom
FNDA:3,TokenFactory::supply
FNDA:3,TokenFactory::create_msg
FNDA:3,TokenFactory::mint_msg
FNDA:0,TokenFactory::burn_msg
FNDA:0,TokenFactory::set_admin_msg
FNDA:0,TokenFactory::set_metadata_msg
FNDA:3,TokenMetadata::to_sdk
DA:15,6
DA:17,6
DA:18,6
DA:22,12
DA:23,12
DA:26,3
DA:27,3
DA:30,3
DA:32,3
DA:33,3
DA:34,3
DA:39,3
DA:41,3
DA:42,3
DA:48,0
DA:50,0
DA:51,0
DA:56,0
DA:58,0
DA:59,0
DA:65,0
DA:67,0
DA:68,0
DA:69,0
DA:106,3
DA:107,3
DA:109,3
DA:110,3
DA:116,3
DA:117,3
DA:118,3
DA:119,3
DA:120,3
LF:33
LH:23
end_of_record
TN:
SF:/Users/jamesbradley/dev/rujira/ruji/packages/rujira-rs-testing/src/fixtures.rs
FN:6,mock_pool_btc
FN:38,mock_pool_usdc
FN:70,mock_pool
FNF:3
FNDA:22,mock_pool_btc
FNDA:22,mock_pool_usdc
FNDA:44,mock_pool
DA:6,22
DA:8,22
DA:9,22
DA:10,22
DA:12,22
DA:13,22
DA:14,22
DA:15,22
DA:16,22
DA:17,22
DA:18,22
DA:19,22
DA:20,22
DA:21,22
DA:22,22
DA:23,22
DA:24,22
DA:26,22
DA:27,22
DA:28,22
DA:29,22
DA:30,22
DA:33,22
DA:34,22
DA:35,22
DA:38,22
DA:40,22
DA:41,22
DA:43,22
DA:44,22
DA:45,22
DA:46,22
DA:47,22
DA:48,22
DA:49,22
DA:50,22
DA:51,22
DA:52,22
DA:53,22
DA:54,22
DA:55,22
DA:57,22
DA:58,22
DA:59,22
DA:60,22
DA:61,22
DA:62,22
DA:65,22
DA:66,22
DA:67,22
DA:70,44
DA:71,44
DA:73,44
DA:74,66
DA:75,44
DA:76,0
LF:56
LH:55
end_of_record
TN:
SF:/Users/jamesbradley/dev/rujira/ruji/packages/rujira-rs-testing/src/mock.rs
FN:38,mock_rujira_app
FN:62,<impl Stargate for RujiraStargate>::execute_stargate
FN:70,<impl Stargate for RujiraStargate>::query_stargate
FN:82,<impl Stargate for RujiraStargate>::execute_any
FN:205,<impl Stargate for RujiraStargate>::query_grpc
FN:222,decode_metadata
FNF:6
FNDA:6,mock_rujira_app
FNDA:0,<impl Stargate for RujiraStargate>::execute_stargate
FNDA:0,<impl Stargate for RujiraStargate>::query_stargate
FNDA:6,<impl Stargate for RujiraStargate>::execute_any
FNDA:44,<impl Stargate for RujiraStargate>::query_grpc
FNDA:3,decode_metadata
DA:38,6
DA:39,6
DA:40,6
DA:41,18
DA:62,0
DA:64,0
DA:65,0
DA:66,0
DA:70,0
DA:79,0
DA:82,6
DA:95,6
DA:96,6
DA:97,12
DA:98,0
DA:99,0
DA:100,3
DA:101,3
DA:102,3
DA:103,3
DA:104,3
DA:105,3
DA:106,3
DA:108,3
DA:109,3
DA:110,3
DA:113,3
DA:114,3
DA:115,3
DA:116,3
DA:118,3
DA:119,6
DA:121,3
DA:122,0
DA:124,3
DA:125,3
DA:126,3
DA:127,3
DA:128,3
DA:129,3
DA:130,3
DA:133,3
DA:134,3
DA:135,3
DA:136,3
DA:137,3
DA:139,3
DA:142,0
DA:143,0
DA:144,0
DA:146,0
DA:147,0
DA:149,0
DA:150,0
DA:152,0
DA:153,0
DA:154,0
DA:155,0
DA:156,0
DA:157,0
DA:158,0
DA:161,0
DA:162,0
DA:163,0
DA:164,0
DA:166,0
DA:169,0
DA:170,0
DA:171,0
DA:172,0
DA:174,0
DA:175,0
DA:176,0
DA:178,0
DA:179,0
DA:180,0
DA:183,0
DA:184,0
DA:185,0
DA:186,0
DA:187,0
DA:189,0
DA:190,0
DA:191,0
DA:193,0
DA:194,0
DA:195,0
DA:199,0
DA:200,0
DA:205,44
DA:213,44
DA:214,88
DA:216,0
DA:222,3
DA:223,3
DA:227,6
DA:228,3
DA:229,3
DA:230,3
DA:231,3
DA:232,3
DA:238,3
DA:240,3
DA:241,3
DA:242,3
DA:243,3
DA:244,3
DA:245,3
LF:108
LH:56
end_of_record
